Arguments: 
  C:\Program Files\nodejs\node.exe C:\APPL\Yarn\bin\yarn.js start

PATH: 
  C:\APPL\cmder\bin;C:\APPL\cmder\vendor\conemu-maximus5\ConEmu\Scripts;C:\APPL\cmder\vendor\conemu-maximus5;C:\APPL\cmder\vendor\conemu-maximus5\ConEmu;C:\Program Files (x86)\Common Files\AspenTech Shared;C:\ProgramData\Oracle\Java\javapath;C:\RubySystem\bin;C:\Users\en27553\AppData\Local\Yarn\bin;C:\APPL\Python3;C:\APPL\Python3\Scripts;C:\APPL\bin;C:\APPL\cmder\vendor\git-for-windows\cmd\;C:\APPL\Mongodb\bin;C:\APPL\Vim80;C:\APPL\Highlight;C:\WINDOWS\system32;C:\WINDOWS;C:\WINDOWS\System32\Wbem;C:\Program Files (x86)\Inno Setup 5;C:\msys64\mingw64\bin;C:\msys64\usr\bin;C:\APPL\Yarn\bin;C:\APPL\R-3.4.2\bin;C:\Program Files\Process Lasso\;C:\Program Files\nodejs\;C:\Program Files\Microsoft VS Code\bin;C:\Users\en27553\AppData\Local\Yarn\bin;C:\Users\en27553\AppData\Roaming\npm;C:\APPL\cmder\vendor\git-for-windows\cmd;C:\APPL\cmder\

Yarn version: 
  1.5.1

Node version: 
  8.11.1

Platform: 
  win32 x64

npm manifest: 
  No manifest

yarn manifest: 
  No manifest

Lockfile: 
  No lockfile

Trace: 
  Error: Couldn't find a package.json file in "C:\\Users\\en27553\\Desktop\\Remit_Server\\server"
      at new MessageError (C:\APPL\Yarn\lib\cli.js:186:110)
      at C:\APPL\Yarn\lib\cli.js:40048:15
      at Generator.next (<anonymous>)
      at step (C:\APPL\Yarn\lib\cli.js:98:30)
      at C:\APPL\Yarn\lib\cli.js:109:13
      at <anonymous>
